<?xml version="1.0" encoding="UTF-8"?>
<!-- Generated by org.testng.reporters.JUnitXMLReporter -->
<testsuite ignored="0" hostname="Priyanka" failures="2" tests="3" name="Test" time="16.313" errors="0" timestamp="2024-08-10T17:17:50 IST">
  <testcase classname="AutomationProject.AutomationFramework.LoginPageTests" name="TC_02" time="4.206">
    <failure type="java.lang.AssertionError" message="expected [Demo] but found [Your Store]">
      <![CDATA[java.lang.AssertionError: expected [Demo] but found [Your Store]
at AutomationProject.AutomationFramework.LoginPageTests.TC_02(LoginPageTests.java:47)
at java.base/java.util.ArrayList.forEach(ArrayList.java:1511)
... Removed 33 stack frames]]>
    </failure>
  </testcase> <!-- TC_02 -->
  <testcase classname="AutomationProject.AutomationFramework.LoginPageTests" name="TC_ID01" time="4.161">
    <failure type="java.lang.AssertionError" message="expected [Predefined alert] but found [Warning: No match for E-Mail Address and/or Password.]">
      <![CDATA[java.lang.AssertionError: expected [Predefined alert] but found [Warning: No match for E-Mail Address and/or Password.]
at AutomationProject.AutomationFramework.LoginPageTests.TC_ID01(LoginPageTests.java:37)
at java.base/java.util.ArrayList.forEach(ArrayList.java:1511)
... Removed 33 stack frames]]>
    </failure>
  </testcase> <!-- TC_ID01 -->
  <testcase classname="AutomationProject.AutomationFramework.LoginPageTests" name="TC_ID_03" time="3.963"/>
</testsuite> <!-- Test -->
